Raad van 
De Afdeling
Afdeling
De Voorzitter
De Belastingdienst
Staatssecretaris
De Staatssecretaris
Ministerie
Sociale Zaken
Officier van Justitie
Openbaar Ministerie
Rechtbank
Hoge Raad
Hof van Twente
De Raad
Centrale Raad van Beroep
De Centrale Raad van Beroep
Europese
Economische Gemeenschap
Rechten van de Mens
Republiek 
Koninkrijk
Hof van Justitie
Verenigd Koninkrijk
Regeling Wet
Wet
Wetboek
Besluit
Ruimtelijke Ordening
Nadere Instructie
Aanvullend Protocol
Protocol
Centraal
Kamer van Koophandel
Gouden Gids
De Inspecteur
Domesta Woonstichting
Drents Plateau
De Haven
De Stichting
Algemene Dienst
Stel dat
Bij de
De Erfpachter
Erfpachter
Akte van
De Beslissing
